[debug] [2026-03-15T05:29:41.528Z] ----------------------------------------------------------------------
[debug] [2026-03-15T05:29:41.531Z] Command:       /opt/homebrew/Cellar/node/25.6.1/bin/node /opt/homebrew/bin/firebase init functions
[debug] [2026-03-15T05:29:41.531Z] CLI Version:   15.6.0
[debug] [2026-03-15T05:29:41.531Z] Platform:      darwin
[debug] [2026-03-15T05:29:41.531Z] Node Version:  v25.6.1
[debug] [2026-03-15T05:29:41.531Z] Time:          Sun Mar 15 2026 10:59:41 GMT+0530 (India Standard Time)
[debug] [2026-03-15T05:29:41.531Z] ----------------------------------------------------------------------
[debug] 
[debug] [2026-03-15T05:29:41.533Z] >>> [apiv2][query] GET https://firebase-public.firebaseio.com/cli.json [none]
[info] 
     ######## #### ########  ######## ########     ###     ######  ########
     ##        ##  ##     ## ##       ##     ##  ##   ##  ##       ##
     ######    ##  ########  ######   ########  #########  ######  ######
     ##        ##  ##    ##  ##       ##     ## ##     ##       ## ##
     ##       #### ##     ## ######## ########  ##     ##  ######  ########

You're about to initialize a Firebase project in this directory:

  /Users/sathwik/Desktop/Konect-Mobile

[info] 
=== Project Setup
[info] 
[info] First, let's associate this project directory with a Firebase project.
[info] You can create multiple project aliases by running firebase use --add, 
[info] 
[debug] [2026-03-15T05:29:42.511Z] > command requires scopes: ["email","openid","https://www.googleapis.com/auth/cloudplatformprojects.readonly","https://www.googleapis.com/auth/firebase","https://www.googleapis.com/auth/cloud-platform"]
[debug] [2026-03-15T05:29:42.511Z] > authorizing via signed-in user (giddisathwik01@gmail.com)
[debug] [2026-03-15T05:29:42.512Z] Checked if tokens are valid: false, expires at: 1771525296969
[debug] [2026-03-15T05:29:42.512Z] Checked if tokens are valid: false, expires at: 1771525296969
[debug] [2026-03-15T05:29:42.512Z] > refreshing access token with scopes: []
[debug] [2026-03-15T05:29:42.512Z] >>> [apiv2][query] POST https://www.googleapis.com/oauth2/v3/token [none]
[debug] [2026-03-15T05:29:42.513Z] >>> [apiv2][body] POST https://www.googleapis.com/oauth2/v3/token [omitted]
[debug] [2026-03-15T05:29:42.704Z] <<< [apiv2][status] POST https://www.googleapis.com/oauth2/v3/token 200
[debug] [2026-03-15T05:29:42.705Z] <<< [apiv2][body] POST https://www.googleapis.com/oauth2/v3/token [omitted]
[debug] [2026-03-15T05:29:42.715Z] >>> [apiv2][query] GET https://firebase.googleapis.com/v1beta1/projects/emission-audit [none]
[debug] [2026-03-15T05:29:43.084Z] <<< [apiv2][status] GET https://firebase-public.firebaseio.com/cli.json 200
[debug] [2026-03-15T05:29:43.084Z] <<< [apiv2][body] GET https://firebase-public.firebaseio.com/cli.json {"cloudBuildErrorAfter":1594252800000,"cloudBuildWarnAfter":1590019200000,"defaultNode10After":1594252800000,"minVersion":"3.0.5","node8DeploysDisabledAfter":1613390400000,"node8RuntimeDisabledAfter":1615809600000,"node8WarnAfter":1600128000000}
[debug] [2026-03-15T05:29:43.225Z] <<< [apiv2][status] GET https://firebase.googleapis.com/v1beta1/projects/emission-audit 403
[debug] [2026-03-15T05:29:43.225Z] <<< [apiv2][body] GET https://firebase.googleapis.com/v1beta1/projects/emission-audit {"error":{"code":403,"message":"The caller does not have permission","status":"PERMISSION_DENIED"}}
[debug] [2026-03-15T05:29:43.226Z] Request to https://firebase.googleapis.com/v1beta1/projects/emission-audit had HTTP Error: 403, The caller does not have permission
[debug] [2026-03-15T05:29:43.505Z] FirebaseError: Request to https://firebase.googleapis.com/v1beta1/projects/emission-audit had HTTP Error: 403, The caller does not have permission
    at responseToError (/opt/homebrew/lib/node_modules/firebase-tools/lib/responseToError.js:53:12)
    at RetryOperation._fn (/opt/homebrew/lib/node_modules/firebase-tools/lib/apiv2.js:330:77)
    at process.processTicksAndRejections (node:internal/process/task_queues:104:5)
[error] 
[error] Error: Failed to get Firebase project emission-audit. Please make sure the project exists and your account has permission to access it.
